<?xml version="1.0" encoding="UTF-8"?>
<testng-results skipped="0" failed="0" ignored="0" total="1" passed="1">
  <reporter-output>
  </reporter-output>
  <suite name="Suite" duration-ms="115498" started-at="2020-05-29T19:21:00 IST" finished-at="2020-05-29T19:22:56 IST">
    <groups>
    </groups>
    <test name="Test" duration-ms="115498" started-at="2020-05-29T19:21:00 IST" finished-at="2020-05-29T19:22:56 IST">
      <class name="com.atmecs.swaglabs.testscript.TestSript">
        <test-method status="PASS" signature="invokeBrowser()[pri:0, instance:com.atmecs.swaglabs.testscript.TestSript@5a8806ef]" name="invokeBrowser" is-config="true" duration-ms="91534" started-at="2020-05-29T19:21:00 IST" finished-at="2020-05-29T19:22:32 IST">
          <reporter-output>
          </reporter-output>
        </test-method> <!-- invokeBrowser -->
        <test-method status="PASS" signature="login()[pri:0, instance:com.atmecs.swaglabs.testscript.TestSript@5a8806ef]" name="login" duration-ms="23818" started-at="2020-05-29T19:22:32 IST" finished-at="2020-05-29T19:22:56 IST">
          <reporter-output>
          </reporter-output>
        </test-method> <!-- login -->
      </class> <!-- com.atmecs.swaglabs.testscript.TestSript -->
    </test> <!-- Test -->
  </suite> <!-- Suite -->
</testng-results>
